#
# There is insufficient memory for the Java Runtime Environment to continue.
# Native memory allocation (malloc) failed to allocate 1048656 bytes for Chunk::new
# Possible reasons:
#   The system is out of physical RAM or swap space
#   The process is running with CompressedOops enabled, and the Java Heap may be blocking the growth of the native heap
# Possible solutions:
#   Reduce memory load on the system
#   Increase physical memory or swap space
#   Check if swap backing store is full
#   Decrease Java heap size (-Xmx/-Xms)
#   Decrease number of Java threads
#   Decrease Java thread stack sizes (-Xss)
#   Set larger code cache with -XX:ReservedCodeCacheSize=
#   JVM is running with Unscaled Compressed Oops mode in which the Java heap is
#     placed in the first 4GB address space. The Java Heap base address is the
#     maximum limit for the native heap growth. Please use -XX:HeapBaseMinAddress
#     to set the Java Heap base and to place the Java Heap above 4GB virtual address.
# This output file may be truncated or incomplete.
#
#  Out of Memory Error (allocation.cpp:389), pid=2868, tid=0x0000000000001c14
#
# JRE version: OpenJDK Runtime Environment (8.0_242-b01) (build 1.8.0_242-release-1644-b01)
# Java VM: OpenJDK 64-Bit Server VM (25.242-b01 mixed mode windows-amd64 compressed oops)
# Failed to write core dump. Minidumps are not enabled by default on client versions of Windows
#

---------------  T H R E A D  ---------------

Current thread (0x0000000017369800):  JavaThread "C2 CompilerThread1" daemon [_thread_in_native, id=7188, stack(0x0000000018ac0000,0x0000000018bc0000)]

Stack: [0x0000000018ac0000,0x0000000018bc0000]
[error occurred during error reporting (printing stack bounds), id 0xc0000005]

Native frames: (J=compiled Java code, j=interpreted, Vv=VM code, C=native code)


Current CompileTask:
C2:  20313 5409   !   4       java.net.URLClassLoader$1::run (63 bytes)


---------------  P R O C E S S  ---------------

Java Threads: ( => current thread )
  0x0000000018e76000 JavaThread "Cache worker for file content cache (C:\Users\feodor\AndroidStudioProjects\STFD2\.gradle\6.5\fileContent)" [_thread_blocked, id=12284, stack(0x00000000290e0000,0x00000000291e0000)]
  0x0000000018e73800 JavaThread "Memory manager" [_thread_blocked, id=5604, stack(0x0000000029230000,0x0000000029330000)]
  0x0000000018e71800 JavaThread "Cache worker for Build Output Cleanup Cache (C:\Users\feodor\AndroidStudioProjects\STFD2\.gradle\buildOutputCleanup)" [_thread_blocked, id=11284, stack(0x0000000027030000,0x0000000027130000)]
  0x0000000018e75000 JavaThread "jar transforms Thread 92" [_thread_blocked, id=6640, stack(0x0000000026d30000,0x0000000026e30000)]
  0x0000000018e72000 JavaThread "jar transforms Thread 91" [_thread_blocked, id=1788, stack(0x0000000026c30000,0x0000000026d30000)]
  0x0000000018e70800 JavaThread "jar transforms Thread 90" [_thread_blocked, id=8912, stack(0x0000000026b30000,0x0000000026c30000)]
  0x0000000018e73000 JavaThread "jar transforms Thread 89" [_thread_blocked, id=3268, stack(0x0000000026a30000,0x0000000026b30000)]
  0x0000000018e74800 JavaThread "jar transforms Thread 88" [_thread_blocked, id=3756, stack(0x0000000026930000,0x0000000026a30000)]
  0x0000000018e68800 JavaThread "jar transforms Thread 87" [_thread_blocked, id=7952, stack(0x0000000026830000,0x0000000026930000)]
  0x0000000018e6a800 JavaThread "jar transforms Thread 86" [_thread_blocked, id=11660, stack(0x0000000026730000,0x0000000026830000)]
  0x0000000018e6e800 JavaThread "jar transforms Thread 85" [_thread_blocked, id=1924, stack(0x0000000026630000,0x0000000026730000)]
  0x0000000018e6d800 JavaThread "jar transforms Thread 84" [_thread_blocked, id=11052, stack(0x0000000026530000,0x0000000026630000)]
  0x0000000018e6d000 JavaThread "jar transforms Thread 83" [_thread_blocked, id=7548, stack(0x0000000026430000,0x0000000026530000)]
  0x0000000018e6f000 JavaThread "jar transforms Thread 82" [_thread_blocked, id=11020, stack(0x0000000026330000,0x0000000026430000)]
  0x0000000018e6b800 JavaThread "jar transforms Thread 81" [_thread_blocked, id=8104, stack(0x0000000026230000,0x0000000026330000)]
  0x0000000018e6a000 JavaThread "jar transforms Thread 80" [_thread_blocked, id=1800, stack(0x0000000026130000,0x0000000026230000)]
  0x0000000018e6c000 JavaThread "jar transforms Thread 79" [_thread_blocked, id=9236, stack(0x0000000026030000,0x0000000026130000)]
  0x0000000018e69000 JavaThread "jar transforms Thread 78" [_thread_blocked, id=11048, stack(0x0000000025f30000,0x0000000026030000)]
  0x000000001b28b800 JavaThread "jar transforms Thread 77" [_thread_blocked, id=3920, stack(0x0000000025e30000,0x0000000025f30000)]
  0x000000001b28a800 JavaThread "jar transforms Thread 76" [_thread_blocked, id=3672, stack(0x0000000025d30000,0x0000000025e30000)]
  0x000000001b28d000 JavaThread "jar transforms Thread 75" [_thread_blocked, id=8832, stack(0x0000000025c30000,0x0000000025d30000)]
  0x000000001b28c000 JavaThread "jar transforms Thread 74" [_thread_blocked, id=10816, stack(0x0000000025b30000,0x0000000025c30000)]
  0x000000001b28a000 JavaThread "jar transforms Thread 73" [_thread_blocked, id=2704, stack(0x0000000025a30000,0x0000000025b30000)]
  0x000000001b289000 JavaThread "jar transforms Thread 72" [_thread_blocked, id=5056, stack(0x0000000025930000,0x0000000025a30000)]
  0x000000001b287800 JavaThread "jar transforms Thread 71" [_thread_blocked, id=11484, stack(0x0000000025830000,0x0000000025930000)]
  0x000000001b288800 JavaThread "jar transforms Thread 70" [_thread_blocked, id=8524, stack(0x0000000025730000,0x0000000025830000)]
  0x000000001b280000 JavaThread "jar transforms Thread 69" [_thread_blocked, id=7180, stack(0x0000000025630000,0x0000000025730000)]
  0x000000001b287000 JavaThread "jar transforms Thread 68" [_thread_blocked, id=10576, stack(0x0000000025530000,0x0000000025630000)]
  0x000000001b286000 JavaThread "jar transforms Thread 67" [_thread_blocked, id=8516, stack(0x0000000025430000,0x0000000025530000)]
  0x000000001b27e800 JavaThread "jar transforms Thread 66" [_thread_blocked, id=7300, stack(0x0000000025330000,0x0000000025430000)]
  0x000000001b285800 JavaThread "jar transforms Thread 65" [_thread_blocked, id=10896, stack(0x0000000025230000,0x0000000025330000)]
  0x000000001b27e000 JavaThread "jar transforms Thread 64" [_thread_blocked, id=10104, stack(0x0000000025130000,0x0000000025230000)]
  0x000000001b283000 JavaThread "jar transforms Thread 63" [_thread_blocked, id=8116, stack(0x0000000025030000,0x0000000025130000)]
  0x000000001b282800 JavaThread "jar transforms Thread 62" [_thread_blocked, id=4580, stack(0x0000000024f30000,0x0000000025030000)]
  0x000000001b281000 JavaThread "jar transforms Thread 61" [_thread_blocked, id=2436, stack(0x0000000024e30000,0x0000000024f30000)]
  0x000000001b284800 JavaThread "jar transforms Thread 60" [_thread_blocked, id=5148, stack(0x0000000024d30000,0x0000000024e30000)]
  0x000000001b27f800 JavaThread "jar transforms Thread 59" [_thread_blocked, id=8748, stack(0x0000000024c30000,0x0000000024d30000)]
  0x000000001b281800 JavaThread "jar transforms Thread 58" [_thread_blocked, id=8744, stack(0x0000000024b30000,0x0000000024c30000)]
  0x000000001b284000 JavaThread "jar transforms Thread 57" [_thread_blocked, id=8752, stack(0x0000000024a30000,0x0000000024b30000)]
  0x000000001ef5f800 JavaThread "jar transforms Thread 56" [_thread_blocked, id=10408, stack(0x0000000024930000,0x0000000024a30000)]
  0x000000001ef5b800 JavaThread "jar transforms Thread 55" [_thread_blocked, id=2824, stack(0x0000000024830000,0x0000000024930000)]
  0x000000001ef61800 JavaThread "jar transforms Thread 54" [_thread_blocked, id=10044, stack(0x0000000024730000,0x0000000024830000)]
  0x000000001ef5e800 JavaThread "jar transforms Thread 53" [_thread_blocked, id=8704, stack(0x0000000024630000,0x0000000024730000)]
  0x000000001ef5b000 JavaThread "jar transforms Thread 52" [_thread_blocked, id=10320, stack(0x0000000024530000,0x0000000024630000)]
  0x000000001ef5c800 JavaThread "jar transforms Thread 51" [_thread_blocked, id=11808, stack(0x0000000024430000,0x0000000024530000)]
  0x000000001ef5e000 JavaThread "jar transforms Thread 50" [_thread_blocked, id=8408, stack(0x0000000024330000,0x0000000024430000)]
  0x000000001ef5d000 JavaThread "jar transforms Thread 49" [_thread_blocked, id=4020, stack(0x0000000024230000,0x0000000024330000)]
  0x000000001ef61000 JavaThread "jar transforms Thread 48" [_thread_blocked, id=5608, stack(0x0000000024130000,0x0000000024230000)]
  0x000000001ef60000 JavaThread "jar transforms Thread 47" [_thread_blocked, id=4512, stack(0x0000000024030000,0x0000000024130000)]
  0x000000001ef53800 JavaThread "jar transforms Thread 46" [_thread_blocked, id=11684, stack(0x0000000023f30000,0x0000000024030000)]
  0x000000001ef55800 JavaThread "jar transforms Thread 45" [_thread_blocked, id=11664, stack(0x0000000023e30000,0x0000000023f30000)]
  0x000000001ef5a000 JavaThread "jar transforms Thread 44" [_thread_blocked, id=9144, stack(0x0000000023d30000,0x0000000023e30000)]
  0x000000001ef52800 JavaThread "jar transforms Thread 43" [_thread_blocked, id=9520, stack(0x0000000023c30000,0x0000000023d30000)]
  0x000000001ef59800 JavaThread "jar transforms Thread 42" [_thread_blocked, id=10912, stack(0x0000000023b30000,0x0000000023c30000)]
  0x000000001ef58800 JavaThread "jar transforms Thread 41" [_thread_blocked, id=11392, stack(0x0000000023a30000,0x0000000023b30000)]
  0x000000001ef58000 JavaThread "jar transforms Thread 40" [_thread_blocked, id=6648, stack(0x0000000023930000,0x0000000023a30000)]
  0x000000001ef57000 JavaThread "jar transforms Thread 39" [_thread_blocked, id=6400, stack(0x0000000023830000,0x0000000023930000)]
  0x000000001ef54000 JavaThread "jar transforms Thread 38" [_thread_blocked, id=9936, stack(0x0000000023730000,0x0000000023830000)]
  0x000000001ef55000 JavaThread "jar transforms Thread 37" [_thread_blocked, id=5980, stack(0x0000000023630000,0x0000000023730000)]
  0x000000001ef56800 JavaThread "jar transforms Thread 36" [_thread_blocked, id=11780, stack(0x0000000023530000,0x0000000023630000)]
  0x000000001de53800 JavaThread "jar transforms Thread 35" [_thread_blocked, id=2400, stack(0x0000000023430000,0x0000000023530000)]
  0x000000001de54000 JavaThread "jar transforms Thread 34" [_thread_blocked, id=3492, stack(0x0000000023330000,0x0000000023430000)]
  0x000000001de50800 JavaThread "jar transforms Thread 33" [_thread_blocked, id=8416, stack(0x0000000023230000,0x0000000023330000)]
  0x000000001de4f000 JavaThread "jar transforms Thread 32" [_thread_blocked, id=8872, stack(0x0000000023130000,0x0000000023230000)]
  0x000000001de4e000 JavaThread "jar transforms Thread 31" [_thread_blocked, id=7176, stack(0x0000000023030000,0x0000000023130000)]
  0x000000001de4f800 JavaThread "jar transforms Thread 30" [_thread_blocked, id=8536, stack(0x0000000022f30000,0x0000000023030000)]
  0x000000001de52800 JavaThread "jar transforms Thread 29" [_thread_blocked, id=300, stack(0x0000000022e30000,0x0000000022f30000)]
  0x000000001de51000 JavaThread "jar transforms Thread 28" [_thread_blocked, id=3372, stack(0x0000000022d30000,0x0000000022e30000)]
  0x000000001de52000 JavaThread "jar transforms Thread 27" [_thread_blocked, id=10448, stack(0x0000000022c30000,0x0000000022d30000)]
  0x000000001de55000 JavaThread "jar transforms Thread 26" [_thread_blocked, id=11040, stack(0x0000000022b30000,0x0000000022c30000)]
  0x000000001de46800 JavaThread "jar transforms Thread 25" [_thread_blocked, id=3684, stack(0x0000000022a30000,0x0000000022b30000)]
  0x000000001de4d800 JavaThread "jar transforms Thread 24" [_thread_blocked, id=4824, stack(0x0000000022930000,0x0000000022a30000)]
  0x000000001de46000 JavaThread "jar transforms Thread 23" [_thread_blocked, id=6848, stack(0x0000000022830000,0x0000000022930000)]
  0x000000001de47800 JavaThread "jar transforms Thread 22" [_thread_blocked, id=6840, stack(0x0000000022730000,0x0000000022830000)]
  0x000000001de4c800 JavaThread "jar transforms Thread 21" [_thread_blocked, id=10488, stack(0x0000000022630000,0x0000000022730000)]
  0x000000001de4b000 JavaThread "jar transforms Thread 20" [_thread_blocked, id=6780, stack(0x0000000022530000,0x0000000022630000)]
  0x000000001de4c000 JavaThread "jar transforms Thread 19" [_thread_blocked, id=5684, stack(0x0000000022430000,0x0000000022530000)]
  0x000000001de4a800 JavaThread "jar transforms Thread 18" [_thread_blocked, id=3736, stack(0x0000000022330000,0x0000000022430000)]
  0x000000001de49000 JavaThread "jar transforms Thread 17" [_thread_blocked, id=4216, stack(0x0000000022230000,0x0000000022330000)]
  0x000000001de48000 JavaThread "jar transforms Thread 16" [_thread_blocked, id=8800, stack(0x0000000022130000,0x0000000022230000)]
  0x000000001de49800 JavaThread "jar transforms Thread 15" [_thread_blocked, id=2736, stack(0x0000000022030000,0x0000000022130000)]
  0x000000001b1c1800 JavaThread "jar transforms Thread 14" [_thread_blocked, id=2088, stack(0x0000000021f30000,0x0000000022030000)]
  0x000000001b1c3000 JavaThread "jar transforms Thread 13" [_thread_blocked, id=7288, stack(0x0000000021e30000,0x0000000021f30000)]
  0x000000001b1c1000 JavaThread "jar transforms Thread 12" [_thread_blocked, id=2092, stack(0x0000000021d30000,0x0000000021e30000)]
  0x000000001b1c2800 JavaThread "jar transforms Thread 11" [_thread_blocked, id=3872, stack(0x0000000021c30000,0x0000000021d30000)]
  0x000000001b1c0000 JavaThread "jar transforms Thread 10" [_thread_blocked, id=3272, stack(0x0000000021a30000,0x0000000021b30000)]
  0x000000001b1bf800 JavaThread "jar transforms Thread 9" [_thread_blocked, id=4336, stack(0x0000000021930000,0x0000000021a30000)]
  0x000000001b1b8000 JavaThread "jar transforms Thread 8" [_thread_blocked, id=9712, stack(0x0000000021830000,0x0000000021930000)]
  0x000000001b1be800 JavaThread "jar transforms Thread 7" [_thread_blocked, id=10804, stack(0x0000000021730000,0x0000000021830000)]
  0x000000001b1be000 JavaThread "jar transforms Thread 6" [_thread_blocked, id=12184, stack(0x0000000021630000,0x0000000021730000)]
  0x000000001b1b6800 JavaThread "jar transforms Thread 5" [_thread_blocked, id=3844, stack(0x0000000021530000,0x0000000021630000)]
  0x000000001b1bd000 JavaThread "jar transforms Thread 4" [_thread_blocked, id=8804, stack(0x0000000021430000,0x0000000021530000)]
  0x000000001b1bc800 JavaThread "jar transforms Thread 3" [_thread_blocked, id=11936, stack(0x0000000021330000,0x0000000021430000)]
  0x000000001b1b5800 JavaThread "jar transforms Thread 2" [_thread_blocked, id=6572, stack(0x0000000021230000,0x0000000021330000)]
  0x000000001b1b7000 JavaThread "Build operations Thread 4" [_thread_blocked, id=2360, stack(0x0000000021130000,0x0000000021230000)]
  0x000000001b1b5000 JavaThread "Build operations Thread 3" [_thread_blocked, id=7592, stack(0x0000000021030000,0x0000000021130000)]
  0x000000001b1bb800 JavaThread "Build operations Thread 2" [_thread_blocked, id=4016, stack(0x0000000020f30000,0x0000000021030000)]
  0x000000001b1b9800 JavaThread "Build operations" [_thread_blocked, id=10200, stack(0x0000000020e30000,0x0000000020f30000)]
  0x000000001b013000 JavaThread "Cache worker for file content cache (C:\Users\feodor\.gradle\caches\6.5\fileContent)" [_thread_blocked, id=1200, stack(0x0000000020730000,0x0000000020830000)]
  0x000000001b010800 JavaThread "jar transforms" [_thread_blocked, id=6608, stack(0x0000000020630000,0x0000000020730000)]
  0x000000001b010000 JavaThread "Cache worker for execution history cache (C:\Users\feodor\.gradle\caches\6.5\executionHistory)" [_thread_blocked, id=9792, stack(0x000000001ff30000,0x0000000020030000)]
  0x000000001b011800 JavaThread "Cache worker for cache directory md-rule (C:\Users\feodor\.gradle\caches\6.5\md-rule)" [_thread_blocked, id=5992, stack(0x000000001fe30000,0x000000001ff30000)]
  0x000000001b00f000 JavaThread "Cache worker for cache directory md-supplier (C:\Users\feodor\.gradle\caches\6.5\md-supplier)" [_thread_blocked, id=6824, stack(0x000000001fd30000,0x000000001fe30000)]
  0x000000001b013800 JavaThread "Cache worker for checksums cache (C:\Users\feodor\AndroidStudioProjects\STFD2\.gradle\checksums)" [_thread_blocked, id=5692, stack(0x000000001e980000,0x000000001ea80000)]
  0x000000001b00d000 JavaThread "Cache worker for file hash cache (C:\Users\feodor\AndroidStudioProjects\STFD2\.gradle\6.5\fileHashes)" [_thread_blocked, id=1728, stack(0x000000001e3c0000,0x000000001e4c0000)]
  0x000000001b00e800 JavaThread "Cache worker for file hash cache (C:\Users\feodor\.gradle\caches\6.5\fileHashes)" [_thread_blocked, id=5976, stack(0x000000001d2f0000,0x000000001d3f0000)]
  0x000000001b00d800 JavaThread "File lock request listener" [_thread_in_native, id=5732, stack(0x000000001d1f0000,0x000000001d2f0000)]
  0x000000001ae0a800 JavaThread "Cache worker for journal cache (C:\Users\feodor\.gradle\caches\journal-1)" [_thread_blocked, id=4624, stack(0x000000001d0f0000,0x000000001d1f0000)]
  0x000000001976d000 JavaThread "Thread-9" [_thread_blocked, id=4156, stack(0x000000001cdf0000,0x000000001cef0000)]
  0x000000001ad75000 JavaThread "Stdin handler" [_thread_blocked, id=12132, stack(0x000000001ccf0000,0x000000001cdf0000)]
  0x000000001ad74800 JavaThread "Asynchronous log dispatcher for DefaultDaemonConnection: socket connection from /127.0.0.1:60987 to /127.0.0.1:60988" [_thread_blocked, id=9664, stack(0x000000001cbf0000,0x000000001ccf0000)]
  0x000000001ad71800 JavaThread "Daemon worker" [_thread_in_Java, id=3324, stack(0x000000001caf0000,0x000000001cbf0000)]
  0x000000001ad65000 JavaThread "Cancel handler" [_thread_blocked, id=4732, stack(0x000000001c9f0000,0x000000001caf0000)]
  0x000000001ad00800 JavaThread "Handler for socket connection from /127.0.0.1:60987 to /127.0.0.1:60988" [_thread_in_native, id=11360, stack(0x000000001c8f0000,0x000000001c9f0000)]
  0x000000001acfd800 JavaThread "Daemon" [_thread_blocked, id=9220, stack(0x000000001c7f0000,0x000000001c8f0000)]
  0x000000001ac87800 JavaThread "Daemon periodic checks" [_thread_blocked, id=11572, stack(0x000000001c4f0000,0x000000001c5f0000)]
  0x000000001ac85800 JavaThread "Incoming local TCP Connector on port 60987" [_thread_in_native, id=1780, stack(0x000000001c2a0000,0x000000001c3a0000)]
  0x000000001ab92800 JavaThread "Daemon health stats" [_thread_blocked, id=5968, stack(0x000000001bc60000,0x000000001bd60000)]
  0x0000000018bc6800 JavaThread "Service Thread" daemon [_thread_blocked, id=9692, stack(0x00000000190c0000,0x00000000191c0000)]
  0x0000000018bc1000 JavaThread "C1 CompilerThread2" daemon [_thread_blocked, id=12268, stack(0x0000000018fc0000,0x00000000190c0000)]
=>0x0000000017369800 JavaThread "C2 CompilerThread1" daemon [_thread_in_native, id=7188, stack(0x0000000018ac0000,0x0000000018bc0000)]
  0x0000000017365800 JavaThread "C2 CompilerThread0" daemon [_thread_in_native, id=5220, stack(0x00000000189c0000,0x0000000018ac0000)]
  0x0000000017364000 JavaThread "Attach Listener" daemon [_thread_blocked, id=9124, stack(0x00000000188c0000,0x00000000189c0000)]
  0x0000000017362800 JavaThread "Signal Dispatcher" daemon [_thread_blocked, id=4856, stack(0x00000000187c0000,0x00000000188c0000)]
  0x0000000017349800 JavaThread "Finalizer" daemon [_thread_blocked, id=10636, stack(0x00000000185b0000,0x00000000186b0000)]
  0x0000000002681000 JavaThread "Reference Handler" daemon [_thread_blocked, id=7716, stack(0x00000000184b0000,0x00000000185b0000)]
  0x000000000273d800 JavaThread "main" [_thread_blocked, id=5820, stack(0x0000000002440000,0x0000000002540000)]

Other Threads:
  0x0000000017326000 VMThread [stack: 0x00000000183b0000,0x00000000184b0000] [id=5152]
  0x0000000018bc7800 WatcherThread [stack: 0x00000000191c0000,0x00000000192c0000] [id=10152]

VM state:not at safepoint (normal execution)

VM Mutex/Monitor currently owned by a thread: None

heap address: 0x0000000080000000, size: 2048 MB, Compressed Oops mode: 32-bit
Narrow klass base: 0x0000000000000000, Narrow klass shift: 3
Compressed class space size: 1073741824 Address: 0x0000000100000000

Heap:
 PSYoungGen      total 292864K, used 43003K [0x00000000d5580000, 0x00000000e9700000, 0x0000000100000000)
  eden space 272384K, 15% used [0x00000000d5580000,0x00000000d7f7ece8,0x00000000e5f80000)
  from space 20480K, 0% used [0x00000000e7380000,0x00000000e7380000,0x00000000e8780000)
  to   space 20480K, 0% used [0x00000000e5f80000,0x00000000e5f80000,0x00000000e7380000)
 ParOldGen       total 89088K, used 29626K [0x0000000080000000, 0x0000000085700000, 0x00000000d5580000)
  object space 89088K, 33% used [0x0000000080000000,0x0000000081ceeb70,0x0000000085700000)
 Metaspace       used 59844K, capacity 62246K, committed 62376K, reserved 1103872K
  class space    used 8269K, capacity 8802K, committed 8872K, reserved 1048576K

Card table byte_map: [0x0000000011b00000,0x0000000011f10000] byte_map_base: 0x0000000011700000

Marking Bits: (ParMarkBitMap*) 0x000000005241f030
 Begin Bits: [0x00000000125c0000, 0x00000000145c0000)
 End Bits:   [0x00000000145c0000, 0x00000000165c0000)

Polling page: 0x0000000002540000

CodeCache: size=245760Kb used=17486Kb max_used=17486Kb free=228273Kb
 bounds [0x0000000002740000, 0x0000000003870000, 0x0000000011740000]
 total_blobs=5817 nmethods=5038 adapters=690
 compilation: enabled

Compilation events (10 events):
Event: 20.286 Thread 0x0000000018bc1000 nmethod 5463 0x000000000385e590 code [0x000000000385e6e0, 0x000000000385e7f0]
Event: 20.286 Thread 0x0000000018bc1000 5464       1       org.gradle.api.internal.artifacts.configurations.DefaultConfigurationPublications::access$400 (5 bytes)
Event: 20.286 Thread 0x0000000018bc1000 nmethod 5464 0x000000000385e850 code [0x000000000385e9a0, 0x000000000385ea90]
Event: 20.286 Thread 0x0000000018bc1000 5466       3       org.gradle.internal.component.local.model.DefaultLocalComponentMetadata$DefaultLocalConfigurationMetadata::include (12 bytes)
Event: 20.286 Thread 0x0000000018bc1000 nmethod 5466 0x000000000385eb10 code [0x000000000385ec80, 0x000000000385ef48]
Event: 20.291 Thread 0x0000000018bc1000 5467       3       com.google.common.collect.Sets::newLinkedHashSet (8 bytes)
Event: 20.291 Thread 0x0000000018bc1000 nmethod 5467 0x000000000385f050 code [0x000000000385f200, 0x000000000385f6a8]
Event: 20.306 Thread 0x0000000018bc1000 5468       3       org.gradle.api.internal.provider.ValueSupplier$Present::<init> (6 bytes)
Event: 20.306 Thread 0x0000000018bc1000 nmethod 5468 0x000000000385fc90 code [0x000000000385fe00, 0x0000000003860030]
Event: 20.309 Thread 0x0000000018bc1000 5469       3       org.gradle.internal.instantiation.generator.AbstractClassGenerator::access$1500 (6 bytes)

GC Heap History (10 events):
Event: 8.293 GC heap before
{Heap before GC invocations=11 (full 2):
 PSYoungGen      total 140288K, used 11010K [0x00000000d5580000, 0x00000000e3400000, 0x0000000100000000)
  eden space 129024K, 0% used [0x00000000d5580000,0x00000000d5580000,0x00000000dd380000)
  from space 11264K, 97% used [0x00000000dd380000,0x00000000dde40918,0x00000000dde80000)
  to   space 12800K, 0% used [0x00000000e2780000,0x00000000e2780000,0x00000000e3400000)
 ParOldGen       total 45568K, used 6635K [0x0000000080000000, 0x0000000082c80000, 0x00000000d5580000)
  object space 45568K, 14% used [0x0000000080000000,0x000000008067ad88,0x0000000082c80000)
 Metaspace       used 34292K, capacity 35426K, committed 35496K, reserved 1079296K
  class space    used 4711K, capacity 5006K, committed 5032K, reserved 1048576K
Event: 8.413 GC heap after
Heap after GC invocations=11 (full 2):
 PSYoungGen      total 140288K, used 0K [0x00000000d5580000, 0x00000000e3400000, 0x0000000100000000)
  eden space 129024K, 0% used [0x00000000d5580000,0x00000000d5580000,0x00000000dd380000)
  from space 11264K, 0% used [0x00000000dd380000,0x00000000dd380000,0x00000000dde80000)
  to   space 12800K, 0% used [0x00000000e2780000,0x00000000e2780000,0x00000000e3400000)
 ParOldGen       total 62464K, used 17176K [0x0000000080000000, 0x0000000083d00000, 0x00000000d5580000)
  object space 62464K, 27% used [0x0000000080000000,0x00000000810c6290,0x0000000083d00000)
 Metaspace       used 34292K, capacity 35426K, committed 35496K, reserved 1079296K
  class space    used 4711K, capacity 5006K, committed 5032K, reserved 1048576K
}
Event: 14.659 GC heap before
{Heap before GC invocations=12 (full 2):
 PSYoungGen      total 140288K, used 129024K [0x00000000d5580000, 0x00000000e3400000, 0x0000000100000000)
  eden space 129024K, 100% used [0x00000000d5580000,0x00000000dd380000,0x00000000dd380000)
  from space 11264K, 0% used [0x00000000dd380000,0x00000000dd380000,0x00000000dde80000)
  to   space 12800K, 0% used [0x00000000e2780000,0x00000000e2780000,0x00000000e3400000)
 ParOldGen       total 62464K, used 17176K [0x0000000080000000, 0x0000000083d00000, 0x00000000d5580000)
  object space 62464K, 27% used [0x0000000080000000,0x00000000810c6290,0x0000000083d00000)
 Metaspace       used 39540K, capacity 41256K, committed 41384K, reserved 1085440K
  class space    used 5432K, capacity 5771K, committed 5800K, reserved 1048576K
Event: 14.678 GC heap after
Heap after GC invocations=12 (full 2):
 PSYoungGen      total 199168K, used 9504K [0x00000000d5580000, 0x00000000e3100000, 0x0000000100000000)
  eden space 189440K, 0% used [0x00000000d5580000,0x00000000d5580000,0x00000000e0e80000)
  from space 9728K, 97% used [0x00000000e2780000,0x00000000e30c8080,0x00000000e3100000)
  to   space 13312K, 0% used [0x00000000e1700000,0x00000000e1700000,0x00000000e2400000)
 ParOldGen       total 62464K, used 17184K [0x0000000080000000, 0x0000000083d00000, 0x00000000d5580000)
  object space 62464K, 27% used [0x0000000080000000,0x00000000810c8290,0x0000000083d00000)
 Metaspace       used 39540K, capacity 41256K, committed 41384K, reserved 1085440K
  class space    used 5432K, capacity 5771K, committed 5800K, reserved 1048576K
}
Event: 18.739 GC heap before
{Heap before GC invocations=13 (full 2):
 PSYoungGen      total 199168K, used 198944K [0x00000000d5580000, 0x00000000e3100000, 0x0000000100000000)
  eden space 189440K, 100% used [0x00000000d5580000,0x00000000e0e80000,0x00000000e0e80000)
  from space 9728K, 97% used [0x00000000e2780000,0x00000000e30c8080,0x00000000e3100000)
  to   space 13312K, 0% used [0x00000000e1700000,0x00000000e1700000,0x00000000e2400000)
 ParOldGen       total 62464K, used 17184K [0x0000000080000000, 0x0000000083d00000, 0x00000000d5580000)
  object space 62464K, 27% used [0x0000000080000000,0x00000000810c8290,0x0000000083d00000)
 Metaspace       used 56080K, capacity 58382K, committed 58664K, reserved 1099776K
  class space    used 7649K, capacity 8186K, committed 8232K, reserved 1048576K
Event: 18.787 GC heap after
Heap after GC invocations=13 (full 2):
 PSYoungGen      total 211456K, used 13284K [0x00000000d5580000, 0x00000000e8780000, 0x0000000100000000)
  eden space 198144K, 0% used [0x00000000d5580000,0x00000000d5580000,0x00000000e1700000)
  from space 13312K, 99% used [0x00000000e1700000,0x00000000e23f90c0,0x00000000e2400000)
  to   space 20480K, 0% used [0x00000000e7380000,0x00000000e7380000,0x00000000e8780000)
 ParOldGen       total 62464K, used 31636K [0x0000000080000000, 0x0000000083d00000, 0x00000000d5580000)
  object space 62464K, 50% used [0x0000000080000000,0x0000000081ee5370,0x0000000083d00000)
 Metaspace       used 56080K, capacity 58382K, committed 58664K, reserved 1099776K
  class space    used 7649K, capacity 8186K, committed 8232K, reserved 1048576K
}
Event: 18.969 GC heap before
{Heap before GC invocations=14 (full 2):
 PSYoungGen      total 211456K, used 24055K [0x00000000d5580000, 0x00000000e8780000, 0x0000000100000000)
  eden space 198144K, 5% used [0x00000000d5580000,0x00000000d6004e18,0x00000000e1700000)
  from space 13312K, 99% used [0x00000000e1700000,0x00000000e23f90c0,0x00000000e2400000)
  to   space 20480K, 0% used [0x00000000e7380000,0x00000000e7380000,0x00000000e8780000)
 ParOldGen       total 62464K, used 31636K [0x0000000080000000, 0x0000000083d00000, 0x00000000d5580000)
  object space 62464K, 50% used [0x0000000080000000,0x0000000081ee5370,0x0000000083d00000)
 Metaspace       used 56756K, capacity 59044K, committed 59160K, reserved 1099776K
  class space    used 7751K, capacity 8257K, committed 8360K, reserved 1048576K
Event: 18.987 GC heap after
Heap after GC invocations=14 (full 2):
 PSYoungGen      total 292864K, used 1056K [0x00000000d5580000, 0x00000000e9700000, 0x0000000100000000)
  eden space 272384K, 0% used [0x00000000d5580000,0x00000000d5580000,0x00000000e5f80000)
  from space 20480K, 5% used [0x00000000e7380000,0x00000000e7488000,0x00000000e8780000)
  to   space 20480K, 0% used [0x00000000e5f80000,0x00000000e5f80000,0x00000000e7380000)
 ParOldGen       total 62464K, used 43123K [0x0000000080000000, 0x0000000083d00000, 0x00000000d5580000)
  object space 62464K, 69% used [0x0000000080000000,0x0000000082a1ceb0,0x0000000083d00000)
 Metaspace       used 56756K, capacity 59044K, committed 59160K, reserved 1099776K
  class space    used 7751K, capacity 8257K, committed 8360K, reserved 1048576K
}
Event: 18.987 GC heap before
{Heap before GC invocations=15 (full 3):
 PSYoungGen      total 292864K, used 1056K [0x00000000d5580000, 0x00000000e9700000, 0x0000000100000000)
  eden space 272384K, 0% used [0x00000000d5580000,0x00000000d5580000,0x00000000e5f80000)
  from space 20480K, 5% used [0x00000000e7380000,0x00000000e7488000,0x00000000e8780000)
  to   space 20480K, 0% used [0x00000000e5f80000,0x00000000e5f80000,0x00000000e7380000)
 ParOldGen       total 62464K, used 43123K [0x0000000080000000, 0x0000000083d00000, 0x00000000d5580000)
  object space 62464K, 69% used [0x0000000080000000,0x0000000082a1ceb0,0x0000000083d00000)
 Metaspace       used 56756K, capacity 59044K, committed 59160K, reserved 1099776K
  class space    used 7751K, capacity 8257K, committed 8360K, reserved 1048576K
Event: 19.296 GC heap after
Heap after GC invocations=15 (full 3):
 PSYoungGen      total 292864K, used 0K [0x00000000d5580000, 0x00000000e9700000, 0x0000000100000000)
  eden space 272384K, 0% used [0x00000000d5580000,0x00000000d5580000,0x00000000e5f80000)
  from space 20480K, 0% used [0x00000000e7380000,0x00000000e7380000,0x00000000e8780000)
  to   space 20480K, 0% used [0x00000000e5f80000,0x00000000e5f80000,0x00000000e7380000)
 ParOldGen       total 89088K, used 29626K [0x0000000080000000, 0x0000000085700000, 0x00000000d5580000)
  object space 89088K, 33% used [0x0000000080000000,0x0000000081ceeb70,0x0000000085700000)
 Metaspace       used 56747K, capacity 59014K, committed 59160K, reserved 1099776K
  class space    used 7748K, capacity 8252K, committed 8360K, reserved 1048576K
}

Deoptimization events (10 events):
Event: 19.312 Thread 0x000000001ad71800 Uncommon trap: reason=bimorphic action=maybe_recompile pc=0x0000000002d34294 method=java.util.regex.Pattern$5.isSatisfiedBy(I)Z @ 16
Event: 19.312 Thread 0x000000001ad71800 Uncommon trap: reason=bimorphic action=maybe_recompile pc=0x0000000002d34294 method=java.util.regex.Pattern$5.isSatisfiedBy(I)Z @ 16
Event: 19.312 Thread 0x000000001ad71800 Uncommon trap: reason=bimorphic action=maybe_recompile pc=0x0000000002d34294 method=java.util.regex.Pattern$5.isSatisfiedBy(I)Z @ 16
Event: 19.312 Thread 0x000000001ad71800 Uncommon trap: reason=bimorphic action=maybe_recompile pc=0x0000000002d34294 method=java.util.regex.Pattern$5.isSatisfiedBy(I)Z @ 16
Event: 19.813 Thread 0x000000001ad71800 Uncommon trap: reason=unstable_if action=reinterpret pc=0x0000000002da81e8 method=java.util.regex.Pattern$BmpCharProperty.match(Ljava/util/regex/Matcher;ILjava/lang/CharSequence;)Z @ 34
Event: 19.833 Thread 0x000000001ad71800 Uncommon trap: reason=unstable_if action=reinterpret pc=0x0000000003508a18 method=com.sun.org.apache.xerces.internal.impl.XMLEntityScanner.scanLiteral(ILcom/sun/org/apache/xerces/internal/xni/XMLString;Z)I @ 660
Event: 19.847 Thread 0x000000001ad71800 Uncommon trap: reason=unstable_if action=reinterpret pc=0x00000000035094c0 method=com.sun.org.apache.xerces.internal.util.SymbolTable.addSymbol([CII)Ljava/lang/String; @ 38
Event: 19.971 Thread 0x000000001ad71800 Uncommon trap: reason=unstable_if action=reinterpret pc=0x0000000002b25234 method=java.lang.String.lastIndexOf([CII[CIII)I @ 118
Event: 20.021 Thread 0x000000001ad71800 Uncommon trap: reason=unstable_if action=reinterpret pc=0x000000000309edec method=java.util.HashMap.putVal(ILjava/lang/Object;Ljava/lang/Object;ZZ)Ljava/lang/Object; @ 109
Event: 20.021 Thread 0x000000001ad71800 Uncommon trap: reason=unstable_if action=reinterpret pc=0x00000000034c9f0c method=java.util.HashMap.putVal(ILjava/lang/Object;Ljava/lang/Object;ZZ)Ljava/lang/Object; @ 109

Classes redefined (0 events):
No events

Internal exceptions (10 events):
Event: 18.438 Thread 0x000000001ad71800 Exception <a 'java/lang/ClassNotFoundException': com/android/build/gradle/internal/api/ApkVariantOutputImpl_DecoratedBeanInfo> (0x00000000dfe8bfb0) thrown at [C:\src\AOSP-openjdk-git\hotspot\src\share\vm\classfile\systemDictionary.cpp, line 210]
Event: 18.439 Thread 0x000000001ad71800 Exception <a 'java/lang/ClassNotFoundException': com/android/build/gradle/internal/api/ApkVariantOutputImplBeanInfo> (0x00000000dfea91e0) thrown at [C:\src\AOSP-openjdk-git\hotspot\src\share\vm\classfile\systemDictionary.cpp, line 210]
Event: 18.439 Thread 0x000000001ad71800 Exception <a 'java/lang/ClassNotFoundException': com/android/build/gradle/internal/api/BaseVariantOutputImplBeanInfo> (0x00000000dfec7618) thrown at [C:\src\AOSP-openjdk-git\hotspot\src\share\vm\classfile\systemDictionary.cpp, line 210]
Event: 18.440 Thread 0x000000001ad71800 Exception <a 'java/lang/ClassNotFoundException': com/android/build/gradle/internal/api/BaseVariantOutputImplCustomizer> (0x00000000dfee5fb0) thrown at [C:\src\AOSP-openjdk-git\hotspot\src\share\vm\classfile\systemDictionary.cpp, line 210]
Event: 18.441 Thread 0x000000001ad71800 Exception <a 'java/lang/ClassNotFoundException': com/android/build/gradle/internal/api/ApkVariantOutputImplCustomizer> (0x00000000dff1e758) thrown at [C:\src\AOSP-openjdk-git\hotspot\src\share\vm\classfile\systemDictionary.cpp, line 210]
Event: 18.443 Thread 0x000000001ad71800 Exception <a 'java/lang/ClassNotFoundException': com/android/build/gradle/internal/api/ApkVariantOutputImpl_DecoratedCustomizer> (0x00000000dff524f8) thrown at [C:\src\AOSP-openjdk-git\hotspot\src\share\vm\classfile\systemDictionary.cpp, line 210]
Event: 18.684 Thread 0x000000001ad71800 Exception <a 'java/lang/NoSuchMethodError': java.lang.Object.lambda$static$0(Lorg/gradle/api/internal/tasks/TaskDependencyResolveContext;)V> (0x00000000e09fd0c0) thrown at [C:\src\AOSP-openjdk-git\hotspot\src\share\vm\interpreter\linkResolver.cpp, line 62
Event: 18.945 Thread 0x000000001ad71800 Exception <a 'sun/nio/fs/WindowsException'> (0x00000000d5d5a548) thrown at [C:\src\AOSP-openjdk-git\hotspot\src\share\vm\prims\jni.cpp, line 710]
Event: 19.368 Thread 0x000000001ad71800 Exception <a 'java/lang/ClassNotFoundException': com/sun/org/glassfish/hk2/osgiresourcelocator/ServiceLoader> (0x00000000d588b498) thrown at [C:\src\AOSP-openjdk-git\hotspot\src\share\vm\classfile\systemDictionary.cpp, line 210]
Event: 19.462 Thread 0x000000001ad71800 Exception <a 'java/lang/NullPointerException'> (0x00000000d5d78258) thrown at [C:\src\AOSP-openjdk-git\hotspot\src\share\vm\interpreter\linkResolver.cpp, line 1287]

Events (10 events):
Event: 20.290 loading class com/android/build/gradle/internal/api/DefaultAndroidSourceDirectorySet$getSourceDirectoryTrees$1
Event: 20.290 loading class com/android/build/gradle/internal/api/DefaultAndroidSourceDirectorySet$getSourceDirectoryTrees$1 done
Event: 20.292 loading class org/gradle/process/ExecOperations
Event: 20.292 loading class org/gradle/process/ExecOperations done
Event: 20.300 loading class com/android/build/gradle/tasks/RenderscriptCompile$CreationAction$configure$1
Event: 20.300 loading class com/android/build/gradle/tasks/RenderscriptCompile$CreationAction$configure$1 done
Event: 20.302 loading class com/android/build/gradle/tasks/RenderscriptCompile$CreationAction$configure$2
Event: 20.302 loading class com/android/build/gradle/tasks/RenderscriptCompile$CreationAction$configure$2 done
Event: 20.307 loading class com/android/build/gradle/tasks/AidlCompile$Companion
Event: 20.307 loading class com/android/build/gradle/tasks/AidlCompile$Companion done


Dynamic libraries:
0x00007ff7a5d60000 - 0x00007ff7a5d91000 	C:\Program Files\Android\Android Studio\jre\bin\java.exe
0x00007ffd47290000 - 0x00007ffd47486000 	C:\WINDOWS\SYSTEM32\ntdll.dll
0x00007ffd45940000 - 0x00007ffd459fd000 	C:\WINDOWS\System32\KERNEL32.DLL
0x00007ffd44bf0000 - 0x00007ffd44eb9000 	C:\WINDOWS\System32\KERNELBASE.dll
0x00007ffd45890000 - 0x00007ffd4593c000 	C:\WINDOWS\System32\ADVAPI32.dll
0x00007ffd45e30000 - 0x00007ffd45ece000 	C:\WINDOWS\System32\msvcrt.dll
0x00007ffd46d50000 - 0x00007ffd46dec000 	C:\WINDOWS\System32\sechost.dll
0x00007ffd46fc0000 - 0x00007ffd470eb000 	C:\WINDOWS\System32\RPCRT4.dll
0x00007ffd46050000 - 0x00007ffd461f0000 	C:\WINDOWS\System32\USER32.dll
0x00007ffd449a0000 - 0x00007ffd449c2000 	C:\WINDOWS\System32\win32u.dll
0x00007ffd46370000 - 0x00007ffd4639a000 	C:\WINDOWS\System32\GDI32.dll
0x00007ffd44ec0000 - 0x00007ffd44fcb000 	C:\WINDOWS\System32\gdi32full.dll
0x00007ffd44a50000 - 0x00007ffd44aed000 	C:\WINDOWS\System32\msvcp_win.dll
0x00007ffd44af0000 - 0x00007ffd44bf0000 	C:\WINDOWS\System32\ucrtbase.dll
0x00007ffd326d0000 - 0x00007ffd3296b000 	C:\WINDOWS\WinSxS\amd64_microsoft.windows.common-controls_6595b64144ccf1df_6.0.19041.746_none_ca02b4b61b8320a4\COMCTL32.dll
0x00007ffd457e0000 - 0x00007ffd45810000 	C:\WINDOWS\System32\IMM32.DLL
0x0000000051a90000 - 0x0000000051b62000 	C:\Program Files\Android\Android Studio\jre\jre\bin\msvcr100.dll
0x0000000051c50000 - 0x000000005249b000 	C:\Program Files\Android\Android Studio\jre\jre\bin\server\jvm.dll
0x00007ffd463a0000 - 0x00007ffd463a8000 	C:\WINDOWS\System32\PSAPI.DLL
0x00007ffd3ed60000 - 0x00007ffd3ed6a000 	C:\WINDOWS\SYSTEM32\VERSION.dll
0x00007ffd249c0000 - 0x00007ffd249e7000 	C:\WINDOWS\SYSTEM32\WINMM.dll
0x00007ffd31420000 - 0x00007ffd31429000 	C:\WINDOWS\SYSTEM32\WSOCK32.dll
0x00007ffd470f0000 - 0x00007ffd4715b000 	C:\WINDOWS\System32\WS2_32.dll
0x00007ffd404e0000 - 0x00007ffd404ef000 	C:\Program Files\Android\Android Studio\jre\jre\bin\verify.dll
0x00007ffd23390000 - 0x00007ffd233b9000 	C:\Program Files\Android\Android Studio\jre\jre\bin\java.dll
0x00007ffd404c0000 - 0x00007ffd404d6000 	C:\Program Files\Android\Android Studio\jre\jre\bin\zip.dll
0x00007ffd463b0000 - 0x00007ffd46af2000 	C:\WINDOWS\System32\SHELL32.dll
0x00007ffd42b10000 - 0x00007ffd432a0000 	C:\WINDOWS\SYSTEM32\windows.storage.dll
0x00007ffd45a00000 - 0x00007ffd45d56000 	C:\WINDOWS\System32\combase.dll
0x00007ffd44390000 - 0x00007ffd443bc000 	C:\WINDOWS\SYSTEM32\Wldp.dll
0x00007ffd47160000 - 0x00007ffd4720e000 	C:\WINDOWS\System32\SHCORE.dll
0x00007ffd45ff0000 - 0x00007ffd46045000 	C:\WINDOWS\System32\shlwapi.dll
0x00007ffd448d0000 - 0x00007ffd448f6000 	C:\WINDOWS\SYSTEM32\profapi.dll
0x00007ffd3d6b0000 - 0x00007ffd3d6ca000 	C:\Program Files\Android\Android Studio\jre\jre\bin\net.dll
0x00007ffd440b0000 - 0x00007ffd4411a000 	C:\WINDOWS\system32\mswsock.dll
0x00007ffd22f30000 - 0x00007ffd22f43000 	C:\Program Files\Android\Android Studio\jre\jre\bin\nio.dll
0x00007ffd20970000 - 0x00007ffd20997000 	C:\Users\feodor\.gradle\native\f6784746aeab05261644944871eae4fe03e0ef1612fff0a4a95f87b438bc6780\windows-amd64\native-platform.dll
0x00007ffd343c0000 - 0x00007ffd343cd000 	C:\Program Files\Android\Android Studio\jre\jre\bin\management.dll
0x00007ffd44280000 - 0x00007ffd44298000 	C:\WINDOWS\SYSTEM32\CRYPTSP.dll
0x00007ffd43a50000 - 0x00007ffd43a84000 	C:\WINDOWS\system32\rsaenh.dll
0x00007ffd44fd0000 - 0x00007ffd44ff7000 	C:\WINDOWS\System32\bcrypt.dll
0x00007ffd44850000 - 0x00007ffd4487e000 	C:\WINDOWS\SYSTEM32\USERENV.dll
0x00007ffd449d0000 - 0x00007ffd44a50000 	C:\WINDOWS\System32\bcryptprimitives.dll
0x00007ffd442a0000 - 0x00007ffd442ac000 	C:\WINDOWS\SYSTEM32\CRYPTBASE.dll
0x00007ffd43da0000 - 0x00007ffd43ddb000 	C:\WINDOWS\SYSTEM32\IPHLPAPI.DLL
0x00007ffd47210000 - 0x00007ffd47218000 	C:\WINDOWS\System32\NSI.dll
0x00007ffd3e8a0000 - 0x00007ffd3e8b7000 	C:\WINDOWS\SYSTEM32\dhcpcsvc6.DLL
0x00007ffd3ed40000 - 0x00007ffd3ed5d000 	C:\WINDOWS\SYSTEM32\dhcpcsvc.DLL
0x00007ffd43de0000 - 0x00007ffd43eab000 	C:\WINDOWS\SYSTEM32\DNSAPI.dll
0x00007ffd3ed70000 - 0x00007ffd3ed7b000 	C:\WINDOWS\SYSTEM32\WINNSI.DLL

VM Arguments:
jvm_args: -Xmx2048m -Dfile.encoding=windows-1251 -Duser.country=RU -Duser.language=ru -Duser.variant 
java_command: org.gradle.launcher.daemon.bootstrap.GradleDaemon 6.5
java_class_path (initial): C:\Users\feodor\.gradle\wrapper\dists\gradle-6.5-all\2oz4ud9k3tuxjg84bbf55q0tn\gradle-6.5\lib\gradle-launcher-6.5.jar
Launcher Type: SUN_STANDARD

Environment Variables:
PATH=C:\WINDOWS\system32;C:\WINDOWS;C:\WINDOWS\System32\Wbem;C:\WINDOWS\System32\WindowsPowerShell\v1.0\;C:\WINDOWS\System32\OpenSSH\;C:\Program Files\Git\cmd;C:\ProgramData\ComposerSetup\bin;C:\GCS\EMVGSSL;C:\Users\feodor\AppData\Local\Microsoft\WindowsApps;C:\Program Files\JetBrains\PhpStorm 2020.1.1\bin;;C:\OpenServer\modules\php\PHP_7.1;C:\Users\feodor\AppData\Roaming\Composer\vendor\bi;
USERNAME=feodor
OS=Windows_NT
PROCESSOR_IDENTIFIER=Intel64 Family 6 Model 158 Stepping 9, GenuineIntel



---------------  S Y S T E M  ---------------

OS: Windows 10.0 , 64 bit Build 19041 (10.0.19041.804)

CPU:total 4 (initial active 4) (2 cores per cpu, 2 threads per core) family 6 model 158 stepping 9, cmov, cx8, fxsr, mmx, sse, sse2, sse3, ssse3, sse4.1, sse4.2, popcnt, avx, avx2, aes, clmul, erms, 3dnowpref, lzcnt, ht, tsc, tscinvbit, bmi1, bmi2, adx

Memory: 4k page, physical 8288596k(221812k free), swap 10385748k(4492k free)

vm_info: OpenJDK 64-Bit Server VM (25.242-b01) for windows-amd64 JRE (1.8.0_242-release-1644-b01), built by "builder" with MS VC++ 10.0 (VS2010)

time: Mon Mar 01 11:23:53 2021
timezone: Новосибирское стандартное время
elapsed time: 20 seconds (0d 0h 0m 20s)

